[debug] [2021-02-05T07:53:57.333Z] ----------------------------------------------------------------------
[debug] [2021-02-05T07:53:57.335Z] Command:       C:\Program Files\nodejs\node.exe C:\Users\imsid\AppData\Roaming\npm\node_modules\firebase-tools\lib\bin\firebase.js init
[debug] [2021-02-05T07:53:57.335Z] CLI Version:   9.3.0
[debug] [2021-02-05T07:53:57.335Z] Platform:      win32
[debug] [2021-02-05T07:53:57.335Z] Node Version:  v12.18.1
[debug] [2021-02-05T07:53:57.337Z] Time:          Fri Feb 05 2021 13:23:57 GMT+0530 (India Standard Time)
[debug] [2021-02-05T07:53:57.337Z] ----------------------------------------------------------------------
[debug] [2021-02-05T07:53:57.337Z] 
[debug] [2021-02-05T07:53:57.344Z] > command requires scopes: ["email","openid","https://www.googleapis.com/auth/cloudplatformprojects.readonly","https://www.googleapis.com/auth/firebase","https://www.googleapis.com/auth/cloud-platform"]
[debug] [2021-02-05T07:53:57.344Z] > authorizing via signed-in user
[info] 
     ######## #### ########  ######## ########     ###     ######  ########
     ##        ##  ##     ## ##       ##     ##  ##   ##  ##       ##
     ######    ##  ########  ######   ########  #########  ######  ######
     ##        ##  ##    ##  ##       ##     ## ##     ##       ## ##
     ##       #### ##     ## ######## ########  ##     ##  ######  ########

You're about to initialize a Firebase project in this directory:

  C:\Users\imsid\OneDrive\Desktop\Projects\fb\fb-clone

[info] 
=== Project Setup
[info] 
[info] First, let's associate this project directory with a Firebase project.
[info] You can create multiple project aliases by running firebase use --add, 
[info] but for now we'll just set up a default project.
[info] 
[debug] [2021-02-05T07:55:27.743Z] >>> [apiv2][query] GET https://firebase.googleapis.com/v1beta1/projects pageSize=100
[debug] [2021-02-05T07:55:28.491Z] <<< [apiv2][status] GET https://firebase.googleapis.com/v1beta1/projects 200
[debug] [2021-02-05T07:55:28.491Z] <<< [apiv2][body] GET https://firebase.googleapis.com/v1beta1/projects [omitted]
[info] i  Using project fb-clone-99b72 (fb-clone) 
[info] 
=== Hosting Setup
[info] 
[info] Your public directory is the folder (relative to your project directory) that
[info] will contain Hosting assets to be uploaded with firebase deploy. If you
[info] have a build process for your assets, use your build's output directory.
[info] 
[debug] [2021-02-05T07:56:31.224Z] >>> [apiv2][query] GET https://www.gstatic.com/firebasejs/releases.json [none]
[debug] [2021-02-05T07:56:31.479Z] <<< [apiv2][status] GET https://www.gstatic.com/firebasejs/releases.json 200
[debug] [2021-02-05T07:56:31.480Z] <<< [apiv2][body] GET https://www.gstatic.com/firebasejs/releases.json {"current":{"version":"8.2.6","browserURL":"https://www.gstatic.com/firebasejs/8.2.6/firebase.js","packageURL":"https://www.gstatic.com/firebasejs/8.2.6/firebase.tgz"},"live":{"version":"8.2","browserURL":"https://www.gstatic.com/firebasejs/live/8.2/firebase.js","packageURL":"https://www.gstatic.com/firebasejs/live/8.2/firebase.tgz"},"components":{"analytics":"https://www.gstatic.com/firebasejs/8.2.6/firebase-analytics.js","app":"https://www.gstatic.com/firebasejs/8.2.6/firebase-app.js","auth":"https://www.gstatic.com/firebasejs/8.2.6/firebase-auth.js","database":"https://www.gstatic.com/firebasejs/8.2.6/firebase-database.js","firestore":"https://www.gstatic.com/firebasejs/8.2.6/firebase-firestore.js","functions":"https://www.gstatic.com/firebasejs/8.2.6/firebase-functions.js","installations":"https://www.gstatic.com/firebasejs/8.2.6/firebase-installations.js","messaging":"https://www.gstatic.com/firebasejs/8.2.6/firebase-messaging.js","storage":"https://www.gstatic.com/firebasejs/8.2.6/firebase-storage.js","performance":"https://www.gstatic.com/firebasejs/8.2.6/firebase-performance.js","remote-config":"https://www.gstatic.com/firebasejs/8.2.6/firebase-remote-config.js","firestore.memory":"https://www.gstatic.com/firebasejs/8.2.6/firebase-firestore.memory.js"}}
[info] +  Wrote build/index.html 
[info] 
[info] i  Detected a .git folder at C:\Users\imsid\OneDrive\Desktop\Projects\fb\fb-clone 
[info] i  Authorizing with GitHub to upload your service account to a GitHub repository's secrets store. 
[info] 
[info] Visit this URL on this device to log in:
[info] https://github.com/login/oauth/authorize?client_id=89cf50f02ac6aaed3484&state=806289237&redirect_uri=http%3A%2F%2Flocalhost%3A9005&scope=read%3Auser%20repo%20public_repo
[info] 
[info] Waiting for authentication...
[debug] [2021-02-05T07:56:56.323Z] >>> HTTP REQUEST POST https://github.com/login/oauth/access_token  
 {"client_id":"89cf50f02ac6aaed3484","client_secret":"3330d14abc895d9a74d5f17cd7a00711fa2c5bf0","code":"4f2060c7974062fe6eed","redirect_uri":"http://localhost:9005","state":"806289237"}
[debug] [2021-02-05T07:56:57.454Z] <<< HTTP RESPONSE 200 {"date":"Fri, 05 Feb 2021 07:56:56 GMT","content-type":"application/json; charset=utf-8","transfer-encoding":"chunked","server":"GitHub.com","vary":"X-PJAX, Accept-Encoding, Accept, X-Requested-With, Accept-Encoding","etag":"W/\"8ea57b474e37f7b6d1b307d93ed3ea2a\"","cache-control":"max-age=0, private, must-revalidate","strict-transport-security":"max-age=31536000; includeSubdomains; preload","x-frame-options":"deny","x-content-type-options":"nosniff","x-xss-protection":"1; mode=block","referrer-policy":"origin-when-cross-origin, strict-origin-when-cross-origin","expect-ct":"max-age=2592000, report-uri=\"https://api.github.com/_private/browser/errors\"","content-security-policy":"default-src 'none'; base-uri 'self'; block-all-mixed-content; connect-src 'self' uploads.github.com www.githubstatus.com collector.githubapp.com api.github.com github-cloud.s3.amazonaws.com github-production-repository-file-5c1aeb.s3.amazonaws.com github-production-upload-manifest-file-7fdce7.s3.amazonaws.com github-production-user-asset-6210df.s3.amazonaws.com cdn.optimizely.com logx.optimizely.com/v1/events wss://alive.github.com; font-src github.githubassets.com; form-action 'self' github.com gist.github.com; frame-ancestors 'none'; frame-src render.githubusercontent.com; img-src 'self' data: github.githubassets.com identicons.github.com collector.githubapp.com github-cloud.s3.amazonaws.com *.githubusercontent.com; manifest-src 'self'; media-src 'none'; script-src github.githubassets.com; style-src 'unsafe-inline' github.githubassets.com; worker-src github.com/socket-worker-5029ae85.js gist.github.com/socket-worker-5029ae85.js","x-github-request-id":"F4D6:79F2:276C71:2C20B8:601CFA47"}
[debug] [2021-02-05T07:56:57.455Z] >>> [apiv2][query] GET https://api.github.com/user [none]
[debug] [2021-02-05T07:56:59.145Z] <<< [apiv2][status] GET https://api.github.com/user 200
[debug] [2021-02-05T07:56:59.146Z] <<< [apiv2][body] GET https://api.github.com/user {"login":"imsidduroy","id":57224568,"node_id":"MDQ6VXNlcjU3MjI0NTY4","avatar_url":"https://avatars.githubusercontent.com/u/57224568?v=4","gravatar_id":"","url":"https://api.github.com/users/imsidduroy","html_url":"https://github.com/imsidduroy","followers_url":"https://api.github.com/users/imsidduroy/followers","following_url":"https://api.github.com/users/imsidduroy/following{/other_user}","gists_url":"https://api.github.com/users/imsidduroy/gists{/gist_id}","starred_url":"https://api.github.com/users/imsidduroy/starred{/owner}{/repo}","subscriptions_url":"https://api.github.com/users/imsidduroy/subscriptions","organizations_url":"https://api.github.com/users/imsidduroy/orgs","repos_url":"https://api.github.com/users/imsidduroy/repos","events_url":"https://api.github.com/users/imsidduroy/events{/privacy}","received_events_url":"https://api.github.com/users/imsidduroy/received_events","type":"User","site_admin":false,"name":null,"company":null,"blog":"","location":null,"email":null,"hireable":null,"bio":null,"twitter_username":null,"public_repos":6,"public_gists":0,"followers":2,"following":12,"created_at":"2019-10-31T13:53:56Z","updated_at":"2021-02-05T07:56:54Z","private_gists":0,"total_private_repos":2,"owned_private_repos":2,"disk_usage":2074,"collaborators":0,"two_factor_authentication":false,"plan":{"name":"free","space":976562499,"collaborators":0,"private_repos":10000}}
[info] 
[info] +  Success! Logged into GitHub as imsidduroy 
[info] 
[debug] [2021-02-05T07:57:45.035Z] >>> [apiv2][query] GET https://api.github.com/repos/imsidduroy/actions/secrets/public-key type=owner
[debug] [2021-02-05T07:57:45.036Z] >>> [apiv2][query] GET https://api.github.com/repos///actions/secrets/public-key type=owner
[debug] [2021-02-05T07:57:47.236Z] <<< [apiv2][status] GET https://api.github.com/repos/imsidduroy/actions/secrets/public-key 404
[debug] [2021-02-05T07:57:47.236Z] <<< [apiv2][body] GET https://api.github.com/repos/imsidduroy/actions/secrets/public-key {"message":"Not Found","documentation_url":"https://docs.github.com/rest"}
[debug] [2021-02-05T07:57:47.255Z] <<< [apiv2][status] GET https://api.github.com/repos///actions/secrets/public-key 404
[debug] [2021-02-05T07:57:47.256Z] <<< [apiv2][body] GET https://api.github.com/repos///actions/secrets/public-key {"message":"Not Found","documentation_url":"https://docs.github.com/rest"}
[debug] [2021-02-05T07:58:03.397Z] >>> [apiv2][query] GET https://api.github.com/repos/imsidduroy/fb-clone/actions/secrets/public-key type=owner
[debug] [2021-02-05T07:58:04.594Z] <<< [apiv2][status] GET https://api.github.com/repos/imsidduroy/fb-clone/actions/secrets/public-key 200
[debug] [2021-02-05T07:58:04.594Z] <<< [apiv2][body] GET https://api.github.com/repos/imsidduroy/fb-clone/actions/secrets/public-key {"key_id":"568250167242549743","key":"/hXeUW51+QMvHqDAJjrqP/cOeTR1puCw5Y6feNDAQVk="}
[debug] [2021-02-05T07:58:04.597Z] >>> [apiv2][query] GET https://api.github.com/repos/imsidduroy/fb-clone [none]
[debug] [2021-02-05T07:58:05.802Z] <<< [apiv2][status] GET https://api.github.com/repos/imsidduroy/fb-clone 200
[debug] [2021-02-05T07:58:05.802Z] <<< [apiv2][body] GET https://api.github.com/repos/imsidduroy/fb-clone {"id":335044325,"node_id":"MDEwOlJlcG9zaXRvcnkzMzUwNDQzMjU=","name":"fb-clone","full_name":"imsidduroy/fb-clone","private":false,"owner":{"login":"imsidduroy","id":57224568,"node_id":"MDQ6VXNlcjU3MjI0NTY4","avatar_url":"https://avatars.githubusercontent.com/u/57224568?v=4","gravatar_id":"","url":"https://api.github.com/users/imsidduroy","html_url":"https://github.com/imsidduroy","followers_url":"https://api.github.com/users/imsidduroy/followers","following_url":"https://api.github.com/users/imsidduroy/following{/other_user}","gists_url":"https://api.github.com/users/imsidduroy/gists{/gist_id}","starred_url":"https://api.github.com/users/imsidduroy/starred{/owner}{/repo}","subscriptions_url":"https://api.github.com/users/imsidduroy/subscriptions","organizations_url":"https://api.github.com/users/imsidduroy/orgs","repos_url":"https://api.github.com/users/imsidduroy/repos","events_url":"https://api.github.com/users/imsidduroy/events{/privacy}","received_events_url":"https://api.github.com/users/imsidduroy/received_events","type":"User","site_admin":false},"html_url":"https://github.com/imsidduroy/fb-clone","description":null,"fork":false,"url":"https://api.github.com/repos/imsidduroy/fb-clone","forks_url":"https://api.github.com/repos/imsidduroy/fb-clone/forks","keys_url":"https://api.github.com/repos/imsidduroy/fb-clone/keys{/key_id}","collaborators_url":"https://api.github.com/repos/imsidduroy/fb-clone/collaborators{/collaborator}","teams_url":"https://api.github.com/repos/imsidduroy/fb-clone/teams","hooks_url":"https://api.github.com/repos/imsidduroy/fb-clone/hooks","issue_events_url":"https://api.github.com/repos/imsidduroy/fb-clone/issues/events{/number}","events_url":"https://api.github.com/repos/imsidduroy/fb-clone/events","assignees_url":"https://api.github.com/repos/imsidduroy/fb-clone/assignees{/user}","branches_url":"https://api.github.com/repos/imsidduroy/fb-clone/branches{/branch}","tags_url":"https://api.github.com/repos/imsidduroy/fb-clone/tags","blobs_url":"https://api.github.com/repos/imsidduroy/fb-clone/git/blobs{/sha}","git_tags_url":"https://api.github.com/repos/imsidduroy/fb-clone/git/tags{/sha}","git_refs_url":"https://api.github.com/repos/imsidduroy/fb-clone/git/refs{/sha}","trees_url":"https://api.github.com/repos/imsidduroy/fb-clone/git/trees{/sha}","statuses_url":"https://api.github.com/repos/imsidduroy/fb-clone/statuses/{sha}","languages_url":"https://api.github.com/repos/imsidduroy/fb-clone/languages","stargazers_url":"https://api.github.com/repos/imsidduroy/fb-clone/stargazers","contributors_url":"https://api.github.com/repos/imsidduroy/fb-clone/contributors","subscribers_url":"https://api.github.com/repos/imsidduroy/fb-clone/subscribers","subscription_url":"https://api.github.com/repos/imsidduroy/fb-clone/subscription","commits_url":"https://api.github.com/repos/imsidduroy/fb-clone/commits{/sha}","git_commits_url":"https://api.github.com/repos/imsidduroy/fb-clone/git/commits{/sha}","comments_url":"https://api.github.com/repos/imsidduroy/fb-clone/comments{/number}","issue_comment_url":"https://api.github.com/repos/imsidduroy/fb-clone/issues/comments{/number}","contents_url":"https://api.github.com/repos/imsidduroy/fb-clone/contents/{+path}","compare_url":"https://api.github.com/repos/imsidduroy/fb-clone/compare/{base}...{head}","merges_url":"https://api.github.com/repos/imsidduroy/fb-clone/merges","archive_url":"https://api.github.com/repos/imsidduroy/fb-clone/{archive_format}{/ref}","downloads_url":"https://api.github.com/repos/imsidduroy/fb-clone/downloads","issues_url":"https://api.github.com/repos/imsidduroy/fb-clone/issues{/number}","pulls_url":"https://api.github.com/repos/imsidduroy/fb-clone/pulls{/number}","milestones_url":"https://api.github.com/repos/imsidduroy/fb-clone/milestones{/number}","notifications_url":"https://api.github.com/repos/imsidduroy/fb-clone/notifications{?since,all,participating}","labels_url":"https://api.github.com/repos/imsidduroy/fb-clone/labels{/name}","releases_url":"https://api.github.com/repos/imsidduroy/fb-clone/releases{/id}","deployments_url":"https://api.github.com/repos/imsidduroy/fb-clone/deployments","created_at":"2021-02-01T18:24:30Z","updated_at":"2021-02-01T18:26:57Z","pushed_at":"2021-02-01T18:25:08Z","git_url":"git://github.com/imsidduroy/fb-clone.git","ssh_url":"git@github.com:imsidduroy/fb-clone.git","clone_url":"https://github.com/imsidduroy/fb-clone.git","svn_url":"https://github.com/imsidduroy/fb-clone","homepage":null,"size":375,"stargazers_count":0,"watchers_count":0,"language":"JavaScript","has_issues":true,"has_projects":true,"has_downloads":true,"has_wiki":true,"has_pages":false,"forks_count":0,"mirror_url":null,"archived":false,"disabled":false,"open_issues_count":0,"license":null,"forks":0,"open_issues":0,"watchers":0,"default_branch":"main","permissions":{"admin":true,"push":true,"pull":true},"temp_clone_token":"","allow_squash_merge":true,"allow_merge_commit":true,"allow_rebase_merge":true,"delete_branch_on_merge":false,"network_count":0,"subscribers_count":1}
[debug] [2021-02-05T07:58:05.805Z] > refreshing access token with scopes: ["email","https://www.googleapis.com/auth/cloud-platform","https://www.googleapis.com/auth/cloudplatformprojects.readonly","https://www.googleapis.com/auth/firebase","openid"]
[debug] [2021-02-05T07:58:05.805Z] >>> HTTP REQUEST POST https://www.googleapis.com/oauth2/v3/token  
 <request body omitted>
[debug] [2021-02-05T07:58:06.137Z] <<< HTTP RESPONSE 200 {"cache-control":"no-cache, no-store, max-age=0, must-revalidate","pragma":"no-cache","expires":"Mon, 01 Jan 1990 00:00:00 GMT","date":"Fri, 05 Feb 2021 07:58:05 GMT","content-type":"application/json; charset=utf-8","vary":"X-Origin, Referer, Origin,Accept-Encoding","server":"scaffolding on HTTPServer2","x-xss-protection":"0","x-frame-options":"SAMEORIGIN","x-content-type-options":"nosniff","alt-svc":"h3-29=\":443\"; ma=2592000,h3-T051=\":443\"; ma=2592000,h3-Q050=\":443\"; ma=2592000,h3-Q046=\":443\"; ma=2592000,h3-Q043=\":443\"; ma=2592000,quic=\":443\"; ma=2592000; v=\"46,43\"","accept-ranges":"none","transfer-encoding":"chunked"}
[debug] [2021-02-05T07:58:06.195Z] >>> HTTP REQUEST POST https://iam.googleapis.com/v1/projects/fb-clone-99b72/serviceAccounts  
 {"accountId":"github-action-335044325","serviceAccount":{"displayName":"GitHub Actions (imsidduroy/fb-clone)","description":"A service account with permission to deploy to Firebase Hosting for the GitHub repository imsidduroy/fb-clone"}}
[debug] [2021-02-05T07:58:27.775Z] Error: connect ETIMEDOUT 216.58.200.138:443
    at TCPConnectWrap.afterConnect [as oncomplete] (net.js:1141:16)
[error] 
[error] Error: Server Error. connect ETIMEDOUT 216.58.200.138:443
